[INFO  Sat Aug 31 16:09:06 2024] ...e/nvim/lazy/mason.nvim/lua/mason-core/installer/init.lua:184: Executing installer for Package(name=stylua) {}
[INFO  Sat Aug 31 16:09:06 2024] ...e/nvim/lazy/mason.nvim/lua/mason-core/installer/init.lua:184: Executing installer for Package(name=shfmt) {}
[INFO  Sat Aug 31 16:09:24 2024] ...e/nvim/lazy/mason.nvim/lua/mason-core/installer/init.lua:245: Installation succeeded for Package(name=shfmt)
[ERROR Sat Aug 31 16:09:24 2024] ...e/nvim/lazy/mason.nvim/lua/mason-core/installer/init.lua:249: Installation failed for Package(name=stylua) error=spawn: unzip failed with exit code - and signal -. unzip is not executable
[INFO  Sat Aug 31 16:10:21 2024] ...e/nvim/lazy/mason.nvim/lua/mason-core/installer/init.lua:184: Executing installer for Package(name=stylua) {}
[INFO  Sat Aug 31 16:10:21 2024] ...e/nvim/lazy/mason.nvim/lua/mason-core/installer/init.lua:184: Executing installer for Package(name=lua-language-server) {}
[INFO  Sat Aug 31 16:10:29 2024] ...e/nvim/lazy/mason.nvim/lua/mason-core/installer/init.lua:245: Installation succeeded for Package(name=lua-language-server)
[ERROR Sat Aug 31 16:10:29 2024] ...e/nvim/lazy/mason.nvim/lua/mason-core/installer/init.lua:249: Installation failed for Package(name=stylua) error=spawn: unzip failed with exit code - and signal -. unzip is not executable
[INFO  Sat Aug 31 16:13:14 2024] ...e/nvim/lazy/mason.nvim/lua/mason-core/installer/init.lua:184: Executing installer for Package(name=stylua) {}
[ERROR Sat Aug 31 16:13:38 2024] ...e/nvim/lazy/mason.nvim/lua/mason-core/installer/init.lua:249: Installation failed for Package(name=stylua) error=spawn: unzip failed with exit code - and signal -. unzip is not executable
[INFO  Sat Aug 31 16:38:55 2024] ...e/nvim/lazy/mason.nvim/lua/mason-core/installer/init.lua:184: Executing installer for Package(name=stylua) {}
[ERROR Sat Aug 31 16:39:13 2024] ...e/nvim/lazy/mason.nvim/lua/mason-core/installer/init.lua:249: Installation failed for Package(name=stylua) error=spawn: unzip failed with exit code - and signal -. unzip is not executable
[INFO  Sat Aug 31 16:50:35 2024] ...e/nvim/lazy/mason.nvim/lua/mason-core/installer/init.lua:184: Executing installer for Package(name=stylua) {}
[ERROR Sat Aug 31 16:50:38 2024] ...e/nvim/lazy/mason.nvim/lua/mason-core/installer/init.lua:249: Installation failed for Package(name=stylua) error="Installation was aborted."
[INFO  Sun Sep  1 05:58:35 2024] ...e/nvim/lazy/mason.nvim/lua/mason-core/installer/init.lua:184: Executing installer for Package(name=stylua) {}
[ERROR Sun Sep  1 05:58:37 2024] ...e/nvim/lazy/mason.nvim/lua/mason-core/installer/init.lua:249: Installation failed for Package(name=stylua) error='spawn: wget failed with exit code 4 and signal 0. \nFailed to download file "https://github.com/johnnymorganz/stylua/releases/download/v0.20.0/stylua-linux-x86_64.zip".'
[INFO  Sun Sep  1 05:58:59 2024] ...e/nvim/lazy/mason.nvim/lua/mason-core/installer/init.lua:184: Executing installer for Package(name=stylua) {}
[ERROR Sun Sep  1 05:58:59 2024] ...e/nvim/lazy/mason.nvim/lua/mason-core/installer/init.lua:249: Installation failed for Package(name=stylua) error='spawn: wget failed with exit code 4 and signal 0. \nFailed to download file "https://github.com/johnnymorganz/stylua/releases/download/v0.20.0/stylua-linux-x86_64.zip".'
[INFO  Sun Sep  1 06:01:03 2024] ...e/nvim/lazy/mason.nvim/lua/mason-core/installer/init.lua:184: Executing installer for Package(name=stylua) {}
[ERROR Sun Sep  1 06:01:04 2024] ...e/nvim/lazy/mason.nvim/lua/mason-core/installer/init.lua:249: Installation failed for Package(name=stylua) error='spawn: wget failed with exit code 4 and signal 0. \nFailed to download file "https://github.com/johnnymorganz/stylua/releases/download/v0.20.0/stylua-linux-x86_64.zip".'
[INFO  Sun Sep  1 06:14:24 2024] ...e/nvim/lazy/mason.nvim/lua/mason-core/installer/init.lua:184: Executing installer for Package(name=stylua) {}
[ERROR Sun Sep  1 06:14:24 2024] ...e/nvim/lazy/mason.nvim/lua/mason-core/installer/init.lua:249: Installation failed for Package(name=stylua) error='spawn: wget failed with exit code 4 and signal 0. \nFailed to download file "https://github.com/johnnymorganz/stylua/releases/download/v0.20.0/stylua-linux-x86_64.zip".'
[INFO  Sun Sep  1 06:16:28 2024] ...e/nvim/lazy/mason.nvim/lua/mason-core/installer/init.lua:184: Executing installer for Package(name=stylua) {}
[ERROR Sun Sep  1 06:16:28 2024] ...e/nvim/lazy/mason.nvim/lua/mason-core/installer/init.lua:249: Installation failed for Package(name=stylua) error='spawn: wget failed with exit code 4 and signal 0. \nFailed to download file "https://github.com/johnnymorganz/stylua/releases/download/v0.20.0/stylua-linux-x86_64.zip".'
[INFO  Sun Sep  1 06:43:20 2024] ...e/nvim/lazy/mason.nvim/lua/mason-core/installer/init.lua:184: Executing installer for Package(name=stylua) {}
[ERROR Sun Sep  1 06:43:20 2024] ...e/nvim/lazy/mason.nvim/lua/mason-core/installer/init.lua:249: Installation failed for Package(name=stylua) error='spawn: wget failed with exit code 4 and signal 0. \nFailed to download file "https://github.com/johnnymorganz/stylua/releases/download/v0.20.0/stylua-linux-x86_64.zip".'
[INFO  Sun Sep  1 08:49:52 2024] ...e/nvim/lazy/mason.nvim/lua/mason-core/installer/init.lua:184: Executing installer for Package(name=stylua) {}
[ERROR Sun Sep  1 08:49:55 2024] ...e/nvim/lazy/mason.nvim/lua/mason-core/installer/init.lua:249: Installation failed for Package(name=stylua) error='spawn: wget failed with exit code 4 and signal 0. \nFailed to download file "https://github.com/johnnymorganz/stylua/releases/download/v0.20.0/stylua-linux-x86_64.zip".'
[INFO  Sun Sep  1 12:37:14 2024] ...e/nvim/lazy/mason.nvim/lua/mason-core/installer/init.lua:184: Executing installer for Package(name=stylua) {}
[INFO  Sun Sep  1 12:37:19 2024] ...e/nvim/lazy/mason.nvim/lua/mason-core/installer/init.lua:245: Installation succeeded for Package(name=stylua)
[ERROR Mon Sep  2 08:58:47 2024] ...e/nvim/lazy/mason.nvim/lua/mason-core/providers/init.lua:81: Provider "github" "get_latest_release" failed: spawn: wget failed with exit code 4 and signal 0. 
[ERROR Mon Sep  2 08:58:47 2024] ...e/nvim/lazy/mason.nvim/lua/mason-core/providers/init.lua:81: Provider "github" "get_latest_release" failed: spawn: wget failed with exit code 4 and signal 0. 
[ERROR Mon Sep  2 08:58:47 2024] ...e/nvim/lazy/mason.nvim/lua/mason-core/providers/init.lua:92: No provider implementation succeeded for github.get_latest_release
[ERROR Mon Sep  2 08:58:47 2024] ...im/lazy/mason.nvim/lua/mason-registry/sources/github.lua:146: Failed to install registry GitHubRegistrySource(repo=mason-org/mason-registry). "Failed to fetch latest registry version from GitHub API."
[ERROR Mon Sep  2 08:59:04 2024] ...e/nvim/lazy/mason.nvim/lua/mason-core/providers/init.lua:81: Provider "github" "get_latest_release" failed: spawn: wget failed with exit code 4 and signal 0. 
[ERROR Mon Sep  2 08:59:04 2024] ...e/nvim/lazy/mason.nvim/lua/mason-core/providers/init.lua:81: Provider "github" "get_latest_release" failed: spawn: wget failed with exit code 4 and signal 0. 
[ERROR Mon Sep  2 08:59:04 2024] ...e/nvim/lazy/mason.nvim/lua/mason-core/providers/init.lua:92: No provider implementation succeeded for github.get_latest_release
[ERROR Mon Sep  2 08:59:04 2024] ...im/lazy/mason.nvim/lua/mason-registry/sources/github.lua:146: Failed to install registry GitHubRegistrySource(repo=mason-org/mason-registry). "Failed to fetch latest registry version from GitHub API."
[ERROR Mon Sep  2 08:59:18 2024] ...e/nvim/lazy/mason.nvim/lua/mason-core/providers/init.lua:81: Provider "github" "get_latest_release" failed: spawn: wget failed with exit code 4 and signal 0. 
[ERROR Mon Sep  2 08:59:18 2024] ...e/nvim/lazy/mason.nvim/lua/mason-core/providers/init.lua:81: Provider "github" "get_latest_release" failed: spawn: wget failed with exit code 4 and signal 0. 
[ERROR Mon Sep  2 08:59:18 2024] ...e/nvim/lazy/mason.nvim/lua/mason-core/providers/init.lua:92: No provider implementation succeeded for github.get_latest_release
[ERROR Mon Sep  2 08:59:18 2024] ...im/lazy/mason.nvim/lua/mason-registry/sources/github.lua:146: Failed to install registry GitHubRegistrySource(repo=mason-org/mason-registry). "Failed to fetch latest registry version from GitHub API."
[ERROR Mon Sep  2 10:53:34 2024] ...e/nvim/lazy/mason.nvim/lua/mason-core/providers/init.lua:81: Provider "github" "get_latest_release" failed: spawn: wget failed with exit code 4 and signal 0. 
[ERROR Mon Sep  2 10:53:58 2024] ...e/nvim/lazy/mason.nvim/lua/mason-core/providers/init.lua:81: Provider "github" "get_latest_release" failed: spawn: wget failed with exit code 4 and signal 0. 
[ERROR Mon Sep  2 10:53:58 2024] ...e/nvim/lazy/mason.nvim/lua/mason-core/providers/init.lua:92: No provider implementation succeeded for github.get_latest_release
[ERROR Mon Sep  2 10:53:58 2024] ...im/lazy/mason.nvim/lua/mason-registry/sources/github.lua:146: Failed to install registry GitHubRegistrySource(repo=mason-org/mason-registry). "Failed to fetch latest registry version from GitHub API."
